[16-Mar-2026 15:50:10 Europe/Berlin] PHP Deprecated:  Optional parameter $excludeUserId declared before required parameter $message is implicitly treated as a required parameter in C:\xampp\htdocs\it-service-request\lib\NotificationHelper.php on line 177
[16-Mar-2026 15:50:10 Europe/Berlin] PHP Deprecated:  Optional parameter $excludeUserId declared before required parameter $message is implicitly treated as a required parameter in C:\xampp\htdocs\it-service-request\lib\NotificationHelper.php on line 312
[16-Mar-2026 15:50:10 Europe/Berlin] PHP Warning:  require_once(C:\xampp\htdocs\it-service-request\lib/../PHPMailerEmailHelper.php): Failed to open stream: No such file or directory in C:\xampp\htdocs\it-service-request\lib\NotificationHelper.php on line 4
[16-Mar-2026 15:50:10 Europe/Berlin] PHP Fatal error:  Uncaught Error: Failed opening required 'C:\xampp\htdocs\it-service-request\lib/../PHPMailerEmailHelper.php' (include_path='C:\xampp\php\PEAR') in C:\xampp\htdocs\it-service-request\lib\NotificationHelper.php:4
Stack trace:
#0 C:\xampp\htdocs\it-service-request\api\service_requests.php(24): require_once()
#1 {main}
  thrown in C:\xampp\htdocs\it-service-request\lib\NotificationHelper.php on line 4
[16-Mar-2026 15:50:42 Europe/Berlin] PHP Deprecated:  Optional parameter $excludeUserId declared before required parameter $message is implicitly treated as a required parameter in C:\xampp\htdocs\it-service-request\lib\NotificationHelper.php on line 177
[16-Mar-2026 15:51:00 Europe/Berlin] PHP Deprecated:  Optional parameter $excludeUserId declared before required parameter $message is implicitly treated as a required parameter in C:\xampp\htdocs\it-service-request\lib\NotificationHelper.php on line 177
[16-Mar-2026 15:51:14 Europe/Berlin] PHP Deprecated:  Optional parameter $excludeUserId declared before required parameter $message is implicitly treated as a required parameter in C:\xampp\htdocs\it-service-request\lib\NotificationHelper.php on line 177
[16-Mar-2026 15:51:43 Europe/Berlin] PHP Deprecated:  Optional parameter $excludeUserId declared before required parameter $message is implicitly treated as a required parameter in C:\xampp\htdocs\it-service-request\lib\NotificationHelper.php on line 177
[16-Mar-2026 15:52:14 Europe/Berlin] PHP Deprecated:  Optional parameter $excludeUserId declared before required parameter $message is implicitly treated as a required parameter in C:\xampp\htdocs\it-service-request\lib\NotificationHelper.php on line 177
[16-Mar-2026 15:52:48 Europe/Berlin] PHP Deprecated:  Optional parameter $excludeUserId declared before required parameter $message is implicitly treated as a required parameter in C:\xampp\htdocs\it-service-request\lib\NotificationHelper.php on line 177
[16-Mar-2026 15:55:25 Europe/Berlin] PHP Deprecated:  Optional parameter $excludeUserId declared before required parameter $message is implicitly treated as a required parameter in C:\xampp\htdocs\it-service-request\lib\NotificationHelper.php on line 177
[16-Mar-2026 15:56:43 Europe/Berlin] PHP Warning:  Cannot modify header information - headers already sent by (output started at C:\xampp\htdocs\it-service-request\test_session_final.php:19) in C:\xampp\htdocs\it-service-request\api\service_requests.php on line 8
[16-Mar-2026 15:56:43 Europe/Berlin] PHP Warning:  Cannot modify header information - headers already sent by (output started at C:\xampp\htdocs\it-service-request\test_session_final.php:19) in C:\xampp\htdocs\it-service-request\api\service_requests.php on line 9
[16-Mar-2026 15:56:43 Europe/Berlin] PHP Warning:  Cannot modify header information - headers already sent by (output started at C:\xampp\htdocs\it-service-request\test_session_final.php:19) in C:\xampp\htdocs\it-service-request\api\service_requests.php on line 10
[16-Mar-2026 15:56:43 Europe/Berlin] PHP Warning:  Cannot modify header information - headers already sent by (output started at C:\xampp\htdocs\it-service-request\test_session_final.php:19) in C:\xampp\htdocs\it-service-request\api\service_requests.php on line 11
[16-Mar-2026 15:56:43 Europe/Berlin] PHP Warning:  Cannot modify header information - headers already sent by (output started at C:\xampp\htdocs\it-service-request\test_session_final.php:19) in C:\xampp\htdocs\it-service-request\api\service_requests.php on line 12
[16-Mar-2026 15:56:43 Europe/Berlin] PHP Warning:  require_once(../config/database.php): Failed to open stream: No such file or directory in C:\xampp\htdocs\it-service-request\api\service_requests.php on line 20
[16-Mar-2026 15:56:43 Europe/Berlin] PHP Fatal error:  Uncaught Error: Failed opening required '../config/database.php' (include_path='C:\xampp\php\PEAR') in C:\xampp\htdocs\it-service-request\api\service_requests.php:20
Stack trace:
#0 C:\xampp\htdocs\it-service-request\test_session_final.php(29): include()
#1 {main}
  thrown in C:\xampp\htdocs\it-service-request\api\service_requests.php on line 20
[16-Mar-2026 15:57:02 Europe/Berlin] PHP Warning:  Cannot modify header information - headers already sent by (output started at C:\xampp\htdocs\it-service-request\test_session_final.php:19) in C:\xampp\htdocs\it-service-request\api\service_requests.php on line 8
[16-Mar-2026 15:57:02 Europe/Berlin] PHP Warning:  Cannot modify header information - headers already sent by (output started at C:\xampp\htdocs\it-service-request\test_session_final.php:19) in C:\xampp\htdocs\it-service-request\api\service_requests.php on line 9
[16-Mar-2026 15:57:02 Europe/Berlin] PHP Warning:  Cannot modify header information - headers already sent by (output started at C:\xampp\htdocs\it-service-request\test_session_final.php:19) in C:\xampp\htdocs\it-service-request\api\service_requests.php on line 10
[16-Mar-2026 15:57:02 Europe/Berlin] PHP Warning:  Cannot modify header information - headers already sent by (output started at C:\xampp\htdocs\it-service-request\test_session_final.php:19) in C:\xampp\htdocs\it-service-request\api\service_requests.php on line 11
[16-Mar-2026 15:57:02 Europe/Berlin] PHP Warning:  Cannot modify header information - headers already sent by (output started at C:\xampp\htdocs\it-service-request\test_session_final.php:19) in C:\xampp\htdocs\it-service-request\api\service_requests.php on line 12
[16-Mar-2026 15:57:02 Europe/Berlin] PHP Warning:  require_once(../config/database.php): Failed to open stream: No such file or directory in C:\xampp\htdocs\it-service-request\api\service_requests.php on line 20
[16-Mar-2026 15:57:02 Europe/Berlin] PHP Fatal error:  Uncaught Error: Failed opening required '../config/database.php' (include_path='C:\xampp\php\PEAR') in C:\xampp\htdocs\it-service-request\api\service_requests.php:20
Stack trace:
#0 C:\xampp\htdocs\it-service-request\test_session_final.php(29): include()
#1 {main}
  thrown in C:\xampp\htdocs\it-service-request\api\service_requests.php on line 20
[16-Mar-2026 15:57:35 Europe/Berlin] PHP Warning:  Cannot modify header information - headers already sent by (output started at C:\xampp\htdocs\it-service-request\test_session_final.php:19) in C:\xampp\htdocs\it-service-request\api\service_requests.php on line 8
[16-Mar-2026 15:57:35 Europe/Berlin] PHP Warning:  Cannot modify header information - headers already sent by (output started at C:\xampp\htdocs\it-service-request\test_session_final.php:19) in C:\xampp\htdocs\it-service-request\api\service_requests.php on line 9
[16-Mar-2026 15:57:35 Europe/Berlin] PHP Warning:  Cannot modify header information - headers already sent by (output started at C:\xampp\htdocs\it-service-request\test_session_final.php:19) in C:\xampp\htdocs\it-service-request\api\service_requests.php on line 10
[16-Mar-2026 15:57:35 Europe/Berlin] PHP Warning:  Cannot modify header information - headers already sent by (output started at C:\xampp\htdocs\it-service-request\test_session_final.php:19) in C:\xampp\htdocs\it-service-request\api\service_requests.php on line 11
[16-Mar-2026 15:57:35 Europe/Berlin] PHP Warning:  Cannot modify header information - headers already sent by (output started at C:\xampp\htdocs\it-service-request\test_session_final.php:19) in C:\xampp\htdocs\it-service-request\api\service_requests.php on line 12
[16-Mar-2026 15:57:35 Europe/Berlin] PHP Warning:  require_once(../config/database.php): Failed to open stream: No such file or directory in C:\xampp\htdocs\it-service-request\api\service_requests.php on line 20
[16-Mar-2026 15:57:35 Europe/Berlin] PHP Fatal error:  Uncaught Error: Failed opening required '../config/database.php' (include_path='C:\xampp\php\PEAR') in C:\xampp\htdocs\it-service-request\api\service_requests.php:20
Stack trace:
#0 C:\xampp\htdocs\it-service-request\test_session_final.php(29): include()
#1 {main}
  thrown in C:\xampp\htdocs\it-service-request\api\service_requests.php on line 20
[16-Mar-2026 15:58:01 Europe/Berlin] PHP Warning:  Cannot modify header information - headers already sent by (output started at C:\xampp\htdocs\it-service-request\test_session_final.php:19) in C:\xampp\htdocs\it-service-request\api\service_requests.php on line 8
[16-Mar-2026 15:58:01 Europe/Berlin] PHP Warning:  Cannot modify header information - headers already sent by (output started at C:\xampp\htdocs\it-service-request\test_session_final.php:19) in C:\xampp\htdocs\it-service-request\api\service_requests.php on line 9
[16-Mar-2026 15:58:01 Europe/Berlin] PHP Warning:  Cannot modify header information - headers already sent by (output started at C:\xampp\htdocs\it-service-request\test_session_final.php:19) in C:\xampp\htdocs\it-service-request\api\service_requests.php on line 10
[16-Mar-2026 15:58:01 Europe/Berlin] PHP Warning:  Cannot modify header information - headers already sent by (output started at C:\xampp\htdocs\it-service-request\test_session_final.php:19) in C:\xampp\htdocs\it-service-request\api\service_requests.php on line 11
[16-Mar-2026 15:58:01 Europe/Berlin] PHP Warning:  Cannot modify header information - headers already sent by (output started at C:\xampp\htdocs\it-service-request\test_session_final.php:19) in C:\xampp\htdocs\it-service-request\api\service_requests.php on line 12
[16-Mar-2026 15:58:01 Europe/Berlin] PHP Warning:  require_once(../config/database.php): Failed to open stream: No such file or directory in C:\xampp\htdocs\it-service-request\api\service_requests.php on line 20
[16-Mar-2026 15:58:01 Europe/Berlin] PHP Fatal error:  Uncaught Error: Failed opening required '../config/database.php' (include_path='C:\xampp\php\PEAR') in C:\xampp\htdocs\it-service-request\api\service_requests.php:20
Stack trace:
#0 C:\xampp\htdocs\it-service-request\test_session_final.php(29): include()
#1 {main}
  thrown in C:\xampp\htdocs\it-service-request\api\service_requests.php on line 20
[16-Mar-2026 15:58:37 Europe/Berlin] PHP Warning:  Cannot modify header information - headers already sent by (output started at C:\xampp\htdocs\it-service-request\test_session_final.php:19) in C:\xampp\htdocs\it-service-request\api\service_requests.php on line 8
[16-Mar-2026 15:58:37 Europe/Berlin] PHP Warning:  Cannot modify header information - headers already sent by (output started at C:\xampp\htdocs\it-service-request\test_session_final.php:19) in C:\xampp\htdocs\it-service-request\api\service_requests.php on line 9
[16-Mar-2026 15:58:37 Europe/Berlin] PHP Warning:  Cannot modify header information - headers already sent by (output started at C:\xampp\htdocs\it-service-request\test_session_final.php:19) in C:\xampp\htdocs\it-service-request\api\service_requests.php on line 10
[16-Mar-2026 15:58:37 Europe/Berlin] PHP Warning:  Cannot modify header information - headers already sent by (output started at C:\xampp\htdocs\it-service-request\test_session_final.php:19) in C:\xampp\htdocs\it-service-request\api\service_requests.php on line 11
[16-Mar-2026 15:58:37 Europe/Berlin] PHP Warning:  Cannot modify header information - headers already sent by (output started at C:\xampp\htdocs\it-service-request\test_session_final.php:19) in C:\xampp\htdocs\it-service-request\api\service_requests.php on line 12
[16-Mar-2026 15:58:37 Europe/Berlin] PHP Warning:  require_once(../config/database.php): Failed to open stream: No such file or directory in C:\xampp\htdocs\it-service-request\api\service_requests.php on line 20
[16-Mar-2026 15:58:37 Europe/Berlin] PHP Fatal error:  Uncaught Error: Failed opening required '../config/database.php' (include_path='C:\xampp\php\PEAR') in C:\xampp\htdocs\it-service-request\api\service_requests.php:20
Stack trace:
#0 C:\xampp\htdocs\it-service-request\test_session_final.php(29): include()
#1 {main}
  thrown in C:\xampp\htdocs\it-service-request\api\service_requests.php on line 20
[16-Mar-2026 15:59:14 Europe/Berlin] PHP Warning:  Cannot modify header information - headers already sent by (output started at C:\xampp\htdocs\it-service-request\test_session_final.php:19) in C:\xampp\htdocs\it-service-request\api\service_requests.php on line 8
[16-Mar-2026 15:59:14 Europe/Berlin] PHP Warning:  Cannot modify header information - headers already sent by (output started at C:\xampp\htdocs\it-service-request\test_session_final.php:19) in C:\xampp\htdocs\it-service-request\api\service_requests.php on line 9
[16-Mar-2026 15:59:14 Europe/Berlin] PHP Warning:  Cannot modify header information - headers already sent by (output started at C:\xampp\htdocs\it-service-request\test_session_final.php:19) in C:\xampp\htdocs\it-service-request\api\service_requests.php on line 10
[16-Mar-2026 15:59:14 Europe/Berlin] PHP Warning:  Cannot modify header information - headers already sent by (output started at C:\xampp\htdocs\it-service-request\test_session_final.php:19) in C:\xampp\htdocs\it-service-request\api\service_requests.php on line 11
[16-Mar-2026 15:59:14 Europe/Berlin] PHP Warning:  Cannot modify header information - headers already sent by (output started at C:\xampp\htdocs\it-service-request\test_session_final.php:19) in C:\xampp\htdocs\it-service-request\api\service_requests.php on line 12
[16-Mar-2026 15:59:14 Europe/Berlin] PHP Warning:  require_once(../config/database.php): Failed to open stream: No such file or directory in C:\xampp\htdocs\it-service-request\api\service_requests.php on line 20
[16-Mar-2026 15:59:14 Europe/Berlin] PHP Fatal error:  Uncaught Error: Failed opening required '../config/database.php' (include_path='C:\xampp\php\PEAR') in C:\xampp\htdocs\it-service-request\api\service_requests.php:20
Stack trace:
#0 C:\xampp\htdocs\it-service-request\test_session_final.php(29): include()
#1 {main}
  thrown in C:\xampp\htdocs\it-service-request\api\service_requests.php on line 20
[16-Mar-2026 15:59:27 Europe/Berlin] PHP Warning:  Cannot modify header information - headers already sent by (output started at C:\xampp\htdocs\it-service-request\test_absolute_path.php:19) in C:\xampp\htdocs\it-service-request\api\service_requests.php on line 8
[16-Mar-2026 15:59:27 Europe/Berlin] PHP Warning:  Cannot modify header information - headers already sent by (output started at C:\xampp\htdocs\it-service-request\test_absolute_path.php:19) in C:\xampp\htdocs\it-service-request\api\service_requests.php on line 9
[16-Mar-2026 15:59:27 Europe/Berlin] PHP Warning:  Cannot modify header information - headers already sent by (output started at C:\xampp\htdocs\it-service-request\test_absolute_path.php:19) in C:\xampp\htdocs\it-service-request\api\service_requests.php on line 10
[16-Mar-2026 15:59:27 Europe/Berlin] PHP Warning:  Cannot modify header information - headers already sent by (output started at C:\xampp\htdocs\it-service-request\test_absolute_path.php:19) in C:\xampp\htdocs\it-service-request\api\service_requests.php on line 11
[16-Mar-2026 15:59:27 Europe/Berlin] PHP Warning:  Cannot modify header information - headers already sent by (output started at C:\xampp\htdocs\it-service-request\test_absolute_path.php:19) in C:\xampp\htdocs\it-service-request\api\service_requests.php on line 12
[16-Mar-2026 15:59:27 Europe/Berlin] PHP Warning:  require_once(../config/database.php): Failed to open stream: No such file or directory in C:\xampp\htdocs\it-service-request\api\service_requests.php on line 20
[16-Mar-2026 15:59:27 Europe/Berlin] PHP Fatal error:  Uncaught Error: Failed opening required '../config/database.php' (include_path='C:\xampp\php\PEAR') in C:\xampp\htdocs\it-service-request\api\service_requests.php:20
Stack trace:
#0 C:\xampp\htdocs\it-service-request\test_absolute_path.php(39): include()
#1 {main}
  thrown in C:\xampp\htdocs\it-service-request\api\service_requests.php on line 20
[16-Mar-2026 15:59:45 Europe/Berlin] PHP Warning:  Cannot modify header information - headers already sent by (output started at C:\xampp\htdocs\it-service-request\test_absolute_path.php:19) in C:\xampp\htdocs\it-service-request\api\service_requests.php on line 8
[16-Mar-2026 15:59:45 Europe/Berlin] PHP Warning:  Cannot modify header information - headers already sent by (output started at C:\xampp\htdocs\it-service-request\test_absolute_path.php:19) in C:\xampp\htdocs\it-service-request\api\service_requests.php on line 9
[16-Mar-2026 15:59:45 Europe/Berlin] PHP Warning:  Cannot modify header information - headers already sent by (output started at C:\xampp\htdocs\it-service-request\test_absolute_path.php:19) in C:\xampp\htdocs\it-service-request\api\service_requests.php on line 10
[16-Mar-2026 15:59:45 Europe/Berlin] PHP Warning:  Cannot modify header information - headers already sent by (output started at C:\xampp\htdocs\it-service-request\test_absolute_path.php:19) in C:\xampp\htdocs\it-service-request\api\service_requests.php on line 11
[16-Mar-2026 15:59:45 Europe/Berlin] PHP Warning:  Cannot modify header information - headers already sent by (output started at C:\xampp\htdocs\it-service-request\test_absolute_path.php:19) in C:\xampp\htdocs\it-service-request\api\service_requests.php on line 12
[16-Mar-2026 15:59:45 Europe/Berlin] PHP Warning:  require_once(../config/database.php): Failed to open stream: No such file or directory in C:\xampp\htdocs\it-service-request\api\service_requests.php on line 20
[16-Mar-2026 15:59:45 Europe/Berlin] PHP Fatal error:  Uncaught Error: Failed opening required '../config/database.php' (include_path='C:\xampp\php\PEAR') in C:\xampp\htdocs\it-service-request\api\service_requests.php:20
Stack trace:
#0 C:\xampp\htdocs\it-service-request\test_absolute_path.php(39): include()
#1 {main}
  thrown in C:\xampp\htdocs\it-service-request\api\service_requests.php on line 20
[16-Mar-2026 15:59:59 Europe/Berlin] PHP Parse error:  Unclosed '{' on line 271 in C:\xampp\htdocs\it-service-request\lib\NotificationHelper.php on line 288
[16-Mar-2026 16:00:25 Europe/Berlin] PHP Parse error:  Unclosed '{' on line 271 in C:\xampp\htdocs\it-service-request\lib\NotificationHelper.php on line 288
[16-Mar-2026 16:01:35 Europe/Berlin] PHP Parse error:  Unclosed '{' on line 271 in C:\xampp\htdocs\it-service-request\lib\NotificationHelper.php on line 288
[16-Mar-2026 16:02:28 Europe/Berlin] PHP Parse error:  Unclosed '{' on line 271 in C:\xampp\htdocs\it-service-request\lib\NotificationHelper.php on line 288
[16-Mar-2026 16:02:28 Europe/Berlin] PHP Parse error:  Unclosed '{' on line 271 in C:\xampp\htdocs\it-service-request\lib\NotificationHelper.php on line 288
[16-Mar-2026 16:02:30 Europe/Berlin] PHP Parse error:  Unclosed '{' on line 271 in C:\xampp\htdocs\it-service-request\lib\NotificationHelper.php on line 288
[16-Mar-2026 16:02:31 Europe/Berlin] PHP Parse error:  Unclosed '{' on line 271 in C:\xampp\htdocs\it-service-request\lib\NotificationHelper.php on line 288
[16-Mar-2026 16:02:32 Europe/Berlin] PHP Parse error:  Unclosed '{' on line 271 in C:\xampp\htdocs\it-service-request\lib\NotificationHelper.php on line 288
[16-Mar-2026 16:02:34 Europe/Berlin] PHP Parse error:  Unclosed '{' on line 271 in C:\xampp\htdocs\it-service-request\lib\NotificationHelper.php on line 288
[16-Mar-2026 16:02:37 Europe/Berlin] PHP Parse error:  Unclosed '{' on line 271 in C:\xampp\htdocs\it-service-request\lib\NotificationHelper.php on line 288
[16-Mar-2026 16:02:37 Europe/Berlin] PHP Parse error:  Unclosed '{' on line 271 in C:\xampp\htdocs\it-service-request\lib\NotificationHelper.php on line 288
[16-Mar-2026 16:02:39 Europe/Berlin] PHP Parse error:  Unclosed '{' on line 271 in C:\xampp\htdocs\it-service-request\lib\NotificationHelper.php on line 288
[16-Mar-2026 16:03:42 Europe/Berlin] PHP Parse error:  Unclosed '{' on line 271 in C:\xampp\htdocs\it-service-request\lib\NotificationHelper.php on line 288
[16-Mar-2026 16:03:45 Europe/Berlin] PHP Parse error:  Unclosed '{' on line 271 in C:\xampp\htdocs\it-service-request\lib\NotificationHelper.php on line 288
[16-Mar-2026 16:03:46 Europe/Berlin] PHP Parse error:  Unclosed '{' on line 271 in C:\xampp\htdocs\it-service-request\lib\NotificationHelper.php on line 288
[16-Mar-2026 16:05:10 Europe/Berlin] PHP Parse error:  Unclosed '{' on line 271 in C:\xampp\htdocs\it-service-request\lib\NotificationHelper.php on line 288
[16-Mar-2026 16:06:15 Europe/Berlin] PHP Warning:  Cannot modify header information - headers already sent by (output started at C:\xampp\htdocs\it-service-request\test_session_api.php:12) in C:\xampp\htdocs\it-service-request\api\service_requests.php on line 8
[16-Mar-2026 16:06:15 Europe/Berlin] PHP Warning:  Cannot modify header information - headers already sent by (output started at C:\xampp\htdocs\it-service-request\test_session_api.php:12) in C:\xampp\htdocs\it-service-request\api\service_requests.php on line 9
[16-Mar-2026 16:06:15 Europe/Berlin] PHP Warning:  Cannot modify header information - headers already sent by (output started at C:\xampp\htdocs\it-service-request\test_session_api.php:12) in C:\xampp\htdocs\it-service-request\api\service_requests.php on line 10
[16-Mar-2026 16:06:15 Europe/Berlin] PHP Warning:  Cannot modify header information - headers already sent by (output started at C:\xampp\htdocs\it-service-request\test_session_api.php:12) in C:\xampp\htdocs\it-service-request\api\service_requests.php on line 11
[16-Mar-2026 16:06:15 Europe/Berlin] PHP Warning:  Cannot modify header information - headers already sent by (output started at C:\xampp\htdocs\it-service-request\test_session_api.php:12) in C:\xampp\htdocs\it-service-request\api\service_requests.php on line 12
[16-Mar-2026 16:06:15 Europe/Berlin] PHP Warning:  require_once(../config/database.php): Failed to open stream: No such file or directory in C:\xampp\htdocs\it-service-request\api\service_requests.php on line 20
[16-Mar-2026 16:06:15 Europe/Berlin] PHP Fatal error:  Uncaught Error: Failed opening required '../config/database.php' (include_path='C:\xampp\php\PEAR') in C:\xampp\htdocs\it-service-request\api\service_requests.php:20
Stack trace:
#0 C:\xampp\htdocs\it-service-request\test_session_api.php(23): include()
#1 {main}
  thrown in C:\xampp\htdocs\it-service-request\api\service_requests.php on line 20
[16-Mar-2026 16:06:27 Europe/Berlin] PHP Warning:  Cannot modify header information - headers already sent by (output started at C:\xampp\htdocs\it-service-request\test_session_api.php:12) in C:\xampp\htdocs\it-service-request\api\service_requests.php on line 8
[16-Mar-2026 16:06:27 Europe/Berlin] PHP Warning:  Cannot modify header information - headers already sent by (output started at C:\xampp\htdocs\it-service-request\test_session_api.php:12) in C:\xampp\htdocs\it-service-request\api\service_requests.php on line 9
[16-Mar-2026 16:06:27 Europe/Berlin] PHP Warning:  Cannot modify header information - headers already sent by (output started at C:\xampp\htdocs\it-service-request\test_session_api.php:12) in C:\xampp\htdocs\it-service-request\api\service_requests.php on line 10
[16-Mar-2026 16:06:27 Europe/Berlin] PHP Warning:  Cannot modify header information - headers already sent by (output started at C:\xampp\htdocs\it-service-request\test_session_api.php:12) in C:\xampp\htdocs\it-service-request\api\service_requests.php on line 11
[16-Mar-2026 16:06:27 Europe/Berlin] PHP Warning:  Cannot modify header information - headers already sent by (output started at C:\xampp\htdocs\it-service-request\test_session_api.php:12) in C:\xampp\htdocs\it-service-request\api\service_requests.php on line 12
[16-Mar-2026 16:06:27 Europe/Berlin] PHP Warning:  Cannot modify header information - headers already sent by (output started at C:\xampp\htdocs\it-service-request\test_session_api.php:12) in C:\xampp\htdocs\it-service-request\api\service_requests.php on line 31

--- NEW TEST ---
