[2026-03-07 08:45:59] EMAIL_TO_FILE | To: ndvu@sgitech.com.vn | Subject: 🔔 Yêu cầu dịch vụ mới #16
--------------------------------------------------------------------------------
<h2>📋 Yêu cầu dịch vụ mới</h2>
                <p><strong>Mã yêu cầu:</strong> #16</p>
                <p><strong>Tiêu đề:</strong> Lỗi màn vvvv</p>
                <p><strong>Người tạo:</strong> Vu nguyen duc</p>
                <p><strong>Danh mục:</strong> Hardware</p>
                <p><strong>Ưu tiên:</strong> medium</p>
                <p><strong>Mô tả:</strong> hư màn r</p>
                <hr>
                <p>Vui lòng đăng nhập hệ thống để xem chi tiết và xử lý.</p>
                <p><em>IT Service Request System</em></p>
[2026-03-07 08:48:13] EMAIL_TO_FILE | To: nguyenducvu561@gmail.com | Subject: 📝 Cập nhật trạng thái yêu cầu #17
--------------------------------------------------------------------------------
<h2>📋 Cập nhật trạng thái yêu cầu</h2>
                <p><strong>Mã yêu cầu:</strong> #17</p>
                <p><strong>Tiêu đề:</strong> aaaaaaa</p>
                <p><strong>Trạng thái mới:</strong> <span style='color: #007bff; font-weight: bold;'>Đang xử lý</span></p><p><strong>Người xử lý:</strong> Nguyễn văn tín</p><p style='color: #28a745;'><strong>✅ Yêu cầu của bạn đã được tiếp nhận và đang được xử lý!</strong></p><p><strong>Mô tả:</strong> bbbbbbbbb</p>
                 <hr>
                 <p>Vui lòng đăng nhập hệ thống để xem chi tiết và theo dõi tiến độ.</p>
                 <p><em>IT Service Request System</em></p>
